$ next dev --turbopack
   ▲ Next.js 15.5.6 (Turbopack)
   - Local:        http://localhost:3000
   - Network:      http://169.254.0.21:3000

 ✓ Starting...
Attention: Next.js now collects completely anonymous telemetry regarding usage.
This information is used to shape Next.js' roadmap and prioritize features.
You can learn more, including how to opt-out if you'd not like to participate in this anonymous program, by visiting the following URL:
https://nextjs.org/telemetry

 ✓ Ready in 1713ms
 ○ Compiling / ...
 ✓ Compiled / in 7.6s
 GET / 200 in 9348ms
 ⚠ Cross origin request detected from eleven-hoops-rush.lindy.site to /_next/* resource. In a future major version of Next.js, you will need to explicitly configure "allowedDevOrigins" in next.config to allow this.
Read more: https://nextjs.org/docs/app/api-reference/config/next-config-js/allowedDevOrigins
 ○ Compiling /favicon.ico ...
 ✓ Compiled /favicon.ico in 801ms
 GET /favicon.ico?favicon.bf3c9292.ico 200 in 1280ms
 GET / 200 in 951ms
 GET /favicon.ico?favicon.bf3c9292.ico 200 in 294ms
 GET /favicon.ico?favicon.bf3c9292.ico 200 in 270ms
 ○ Compiling /roadmap ...
 ✓ Compiled /roadmap in 689ms
 GET /roadmap 200 in 854ms
 GET /roadmap 200 in 144ms
 ○ Compiling /features ...
 ✓ Compiled /features in 927ms
 GET /features 200 in 1073ms
 GET /roadmap 200 in 121ms
 ○ Compiling /pricing ...
 ✓ Compiled /pricing in 655ms
 GET /features 200 in 173ms
 GET /pricing 200 in 822ms
 GET /pricing 200 in 180ms
 GET /pricing 200 in 211ms
 GET / 200 in 268ms
 GET /features 200 in 122ms
 GET /features 200 in 116ms
 ○ Compiling /about ...
 ✓ Compiled /about in 589ms
 GET /about 200 in 697ms
 GET / 200 in 569ms
 ✓ Compiled in 277ms
 ✓ Compiled in 207ms
 ✓ Compiled in 208ms
 ✓ Compiled in 210ms
 ✓ Compiled in 743ms
 ✓ Compiled in 330ms
 ✓ Compiled / in 59ms
 GET / 200 in 545ms
 GET / 200 in 225ms
 ✓ Compiled in 520ms
 ⨯ ./components/sections/DeveloperPortal.tsx:23:177
Parsing ecmascript source code failed
[0m [90m 21 |[39m                 [33m<[39m[33mp[39m[33m>[39m[33m&[39mnbsp[33m;[39m[33m<[39m[33m/[39m[33mp[39m[33m>[39m
 [90m 22 |[39m                 [33m<[39m[33mp[39m[33m>[39m[33m<[39m[33mspan[39m className[33m=[39m[32m"text-zinc-500"[39m[33m>[39m[90m// Initialize client</span></p>[39m
[31m[1m>[22m[39m[90m 23 |[39m                 [33m<[39m[33mp[39m[33m>[39m[33m<[39m[33mspan[39m className[33m=[39m[32m"text-purple-400"[39m[33m>[39m[36mconst[39m[33m<[39m[33m/[39m[33mspan[39m[33m>[39m client [33m=[39m [33m<[39m[33mspan[39m className[33m=[39m[32m"text-purple-400"[39m[33m>[39m[36mnew[39m[33m<[39m[33m/[39m[33mspan[39m[33m>[39m [33m<[39m[33mspan[39m className[33m=[39m[32m"text-yellow-400"[39m[33m>[39m[33mGackx[39m[33m<[39m[33m/[39m[33mspan[39m[33m>[39m({ api_key[33m:[39m [33m<[39m[33mspan[39m className[33m=[39m[32m"text-green-400"[39m[33m>[39m[32m'gk_live_...'[39m[33m<[39m[33m/[39m[33mspan[39m[33m>[39m })[33m;[39m[33m<[39m[33m/[39m[33mp[39m[33m>[39m
 [90m    |[39m                                                                                                                                                                                 [31m[1m^[22m[39m
 [90m 24 |[39m                 [33m<[39m[33mp[39m[33m>[39m[33m&[39mnbsp[33m;[39m[33m<[39m[33m/[39m[33mp[39m[33m>[39m
 [90m 25 |[39m                 [33m<[39m[33mp[39m[33m>[39m[33m<[39m[33mspan[39m className[33m=[39m[32m"text-zinc-500"[39m[33m>[39m[90m// Trigger a workflow programmatically</span></p>[39m
 [90m 26 |[39m                 [33m<[39m[33mp[39m[33m>[39m[33m<[39m[33mspan[39m className[33m=[39m[32m"text-purple-400"[39m[33m>[39m[36mawait[39m[33m<[39m[33m/[39m[33mspan[39m[33m>[39m client[33m.[39m[33m<[39m[33mspan[39m className[33m=[39m[32m"text-blue-400"[39m[33m>[39mworkflows[33m<[39m[33m/[39m[33mspan[39m[33m>[39m[33m.[39m[33m<[39m[33mspan[39m className[33m=[39m[32m"text-blue-400"[39m[33m>[39mtrigger[33m<[39m[33m/[39m[33mspan[39m[33m>[39m([33m<[39m[33mspan[39m className[33m=[39m[32m"text-green-400"[39m[33m>[39m[32m'wf_8291'[39m[33m<[39m[33m/[39m[33mspan[39m[33m>[39m[33m,[39m {[33m<[39m[33m/[39m[33mp[39m[33m>[39m[0m

Expected '</', got ':'

Import trace:
  Server Component:
    ./components/sections/DeveloperPortal.tsx
    ./app/page.tsx


 ○ Compiling /_error ...
 ✓ Compiled /_error in 2.4s
 GET / 500 in 2738ms
 ⨯ ./components/sections/DeveloperPortal.tsx:23:177
Parsing ecmascript source code failed
[0m [90m 21 |[39m                 [33m<[39m[33mp[39m[33m>[39m[33m&[39mnbsp[33m;[39m[33m<[39m[33m/[39m[33mp[39m[33m>[39m
 [90m 22 |[39m                 [33m<[39m[33mp[39m[33m>[39m[33m<[39m[33mspan[39m className[33m=[39m[32m"text-zinc-500"[39m[33m>[39m[90m// Initialize client</span></p>[39m
[31m[1m>[22m[39m[90m 23 |[39m                 [33m<[39m[33mp[39m[33m>[39m[33m<[39m[33mspan[39m className[33m=[39m[32m"text-purple-400"[39m[33m>[39m[36mconst[39m[33m<[39m[33m/[39m[33mspan[39m[33m>[39m client [33m=[39m [33m<[39m[33mspan[39m className[33m=[39m[32m"text-purple-400"[39m[33m>[39m[36mnew[39m[33m<[39m[33m/[39m[33mspan[39m[33m>[39m [33m<[39m[33mspan[39m className[33m=[39m[32m"text-yellow-400"[39m[33m>[39m[33mGackx[39m[33m<[39m[33m/[39m[33mspan[39m[33m>[39m({ api_key[33m:[39m [33m<[39m[33mspan[39m className[33m=[39m[32m"text-green-400"[39m[33m>[39m[32m'gk_live_...'[39m[33m<[39m[33m/[39m[33mspan[39m[33m>[39m })[33m;[39m[33m<[39m[33m/[39m[33mp[39m[33m>[39m
 [90m    |[39m                                                                                                                                                                                 [31m[1m^[22m[39m
 [90m 24 |[39m                 [33m<[39m[33mp[39m[33m>[39m[33m&[39mnbsp[33m;[39m[33m<[39m[33m/[39m[33mp[39m[33m>[39m
 [90m 25 |[39m                 [33m<[39m[33mp[39m[33m>[39m[33m<[39m[33mspan[39m className[33m=[39m[32m"text-zinc-500"[39m[33m>[39m[90m// Trigger a workflow programmatically</span></p>[39m
 [90m 26 |[39m                 [33m<[39m[33mp[39m[33m>[39m[33m<[39m[33mspan[39m className[33m=[39m[32m"text-purple-400"[39m[33m>[39m[36mawait[39m[33m<[39m[33m/[39m[33mspan[39m[33m>[39m client[33m.[39m[33m<[39m[33mspan[39m className[33m=[39m[32m"text-blue-400"[39m[33m>[39mworkflows[33m<[39m[33m/[39m[33mspan[39m[33m>[39m[33m.[39m[33m<[39m[33mspan[39m className[33m=[39m[32m"text-blue-400"[39m[33m>[39mtrigger[33m<[39m[33m/[39m[33mspan[39m[33m>[39m([33m<[39m[33mspan[39m className[33m=[39m[32m"text-green-400"[39m[33m>[39m[32m'wf_8291'[39m[33m<[39m[33m/[39m[33mspan[39m[33m>[39m[33m,[39m {[33m<[39m[33m/[39m[33mp[39m[33m>[39m[0m

Expected '</', got ':'

Import trace:
  Server Component:
    ./components/sections/DeveloperPortal.tsx
    ./app/page.tsx


 GET / 500 in 87ms
 ⨯ ./components/sections/DeveloperPortal.tsx:23:177
Parsing ecmascript source code failed
[0m [90m 21 |[39m                 [33m<[39m[33mp[39m[33m>[39m[33m&[39mnbsp[33m;[39m[33m<[39m[33m/[39m[33mp[39m[33m>[39m
 [90m 22 |[39m                 [33m<[39m[33mp[39m[33m>[39m[33m<[39m[33mspan[39m className[33m=[39m[32m"text-zinc-500"[39m[33m>[39m[90m// Initialize client</span></p>[39m
[31m[1m>[22m[39m[90m 23 |[39m                 [33m<[39m[33mp[39m[33m>[39m[33m<[39m[33mspan[39m className[33m=[39m[32m"text-purple-400"[39m[33m>[39m[36mconst[39m[33m<[39m[33m/[39m[33mspan[39m[33m>[39m client [33m=[39m [33m<[39m[33mspan[39m className[33m=[39m[32m"text-purple-400"[39m[33m>[39m[36mnew[39m[33m<[39m[33m/[39m[33mspan[39m[33m>[39m [33m<[39m[33mspan[39m className[33m=[39m[32m"text-yellow-400"[39m[33m>[39m[33mGackx[39m[33m<[39m[33m/[39m[33mspan[39m[33m>[39m({ api_key[33m:[39m [33m<[39m[33mspan[39m className[33m=[39m[32m"text-green-400"[39m[33m>[39m[32m'gk_live_...'[39m[33m<[39m[33m/[39m[33mspan[39m[33m>[39m })[33m;[39m[33m<[39m[33m/[39m[33mp[39m[33m>[39m
 [90m    |[39m                                                                                                                                                                                 [31m[1m^[22m[39m
 [90m 24 |[39m                 [33m<[39m[33mp[39m[33m>[39m[33m&[39mnbsp[33m;[39m[33m<[39m[33m/[39m[33mp[39m[33m>[39m
 [90m 25 |[39m                 [33m<[39m[33mp[39m[33m>[39m[33m<[39m[33mspan[39m className[33m=[39m[32m"text-zinc-500"[39m[33m>[39m[90m// Trigger a workflow programmatically</span></p>[39m
 [90m 26 |[39m                 [33m<[39m[33mp[39m[33m>[39m[33m<[39m[33mspan[39m className[33m=[39m[32m"text-purple-400"[39m[33m>[39m[36mawait[39m[33m<[39m[33m/[39m[33mspan[39m[33m>[39m client[33m.[39m[33m<[39m[33mspan[39m className[33m=[39m[32m"text-blue-400"[39m[33m>[39mworkflows[33m<[39m[33m/[39m[33mspan[39m[33m>[39m[33m.[39m[33m<[39m[33mspan[39m className[33m=[39m[32m"text-blue-400"[39m[33m>[39mtrigger[33m<[39m[33m/[39m[33mspan[39m[33m>[39m([33m<[39m[33mspan[39m className[33m=[39m[32m"text-green-400"[39m[33m>[39m[32m'wf_8291'[39m[33m<[39m[33m/[39m[33mspan[39m[33m>[39m[33m,[39m {[33m<[39m[33m/[39m[33mp[39m[33m>[39m[0m

Expected '</', got ':'

Import trace:
  Server Component:
    ./components/sections/DeveloperPortal.tsx
    ./app/page.tsx


 GET / 500 in 105ms
 ⨯ ./components/sections/DeveloperPortal.tsx:23:177
Parsing ecmascript source code failed
[0m [90m 21 |[39m                 [33m<[39m[33mp[39m[33m>[39m[33m&[39mnbsp[33m;[39m[33m<[39m[33m/[39m[33mp[39m[33m>[39m
 [90m 22 |[39m                 [33m<[39m[33mp[39m[33m>[39m[33m<[39m[33mspan[39m className[33m=[39m[32m"text-zinc-500"[39m[33m>[39m[90m// Initialize client</span></p>[39m
[31m[1m>[22m[39m[90m 23 |[39m                 [33m<[39m[33mp[39m[33m>[39m[33m<[39m[33mspan[39m className[33m=[39m[32m"text-purple-400"[39m[33m>[39m[36mconst[39m[33m<[39m[33m/[39m[33mspan[39m[33m>[39m client [33m=[39m [33m<[39m[33mspan[39m className[33m=[39m[32m"text-purple-400"[39m[33m>[39m[36mnew[39m[33m<[39m[33m/[39m[33mspan[39m[33m>[39m [33m<[39m[33mspan[39m className[33m=[39m[32m"text-yellow-400"[39m[33m>[39m[33mGackx[39m[33m<[39m[33m/[39m[33mspan[39m[33m>[39m({ api_key[33m:[39m [33m<[39m[33mspan[39m className[33m=[39m[32m"text-green-400"[39m[33m>[39m[32m'gk_live_...'[39m[33m<[39m[33m/[39m[33mspan[39m[33m>[39m })[33m;[39m[33m<[39m[33m/[39m[33mp[39m[33m>[39m
 [90m    |[39m                                                                                                                                                                                 [31m[1m^[22m[39m
 [90m 24 |[39m                 [33m<[39m[33mp[39m[33m>[39m[33m&[39mnbsp[33m;[39m[33m<[39m[33m/[39m[33mp[39m[33m>[39m
 [90m 25 |[39m                 [33m<[39m[33mp[39m[33m>[39m[33m<[39m[33mspan[39m className[33m=[39m[32m"text-zinc-500"[39m[33m>[39m[90m// Trigger a workflow programmatically</span></p>[39m
 [90m 26 |[39m                 [33m<[39m[33mp[39m[33m>[39m[33m<[39m[33mspan[39m className[33m=[39m[32m"text-purple-400"[39m[33m>[39m[36mawait[39m[33m<[39m[33m/[39m[33mspan[39m[33m>[39m client[33m.[39m[33m<[39m[33mspan[39m className[33m=[39m[32m"text-blue-400"[39m[33m>[39mworkflows[33m<[39m[33m/[39m[33mspan[39m[33m>[39m[33m.[39m[33m<[39m[33mspan[39m className[33m=[39m[32m"text-blue-400"[39m[33m>[39mtrigger[33m<[39m[33m/[39m[33mspan[39m[33m>[39m([33m<[39m[33mspan[39m className[33m=[39m[32m"text-green-400"[39m[33m>[39m[32m'wf_8291'[39m[33m<[39m[33m/[39m[33mspan[39m[33m>[39m[33m,[39m {[33m<[39m[33m/[39m[33mp[39m[33m>[39m[0m

Expected '</', got ':'

Import trace:
  Server Component:
    ./components/sections/DeveloperPortal.tsx
    ./app/page.tsx


 GET / 500 in 82ms
 ⨯ ./components/sections/DeveloperPortal.tsx:23:177
Parsing ecmascript source code failed
[0m [90m 21 |[39m                 [33m<[39m[33mp[39m[33m>[39m[33m&[39mnbsp[33m;[39m[33m<[39m[33m/[39m[33mp[39m[33m>[39m
 [90m 22 |[39m                 [33m<[39m[33mp[39m[33m>[39m[33m<[39m[33mspan[39m className[33m=[39m[32m"text-zinc-500"[39m[33m>[39m[90m// Initialize client</span></p>[39m
[31m[1m>[22m[39m[90m 23 |[39m                 [33m<[39m[33mp[39m[33m>[39m[33m<[39m[33mspan[39m className[33m=[39m[32m"text-purple-400"[39m[33m>[39m[36mconst[39m[33m<[39m[33m/[39m[33mspan[39m[33m>[39m client [33m=[39m [33m<[39m[33mspan[39m className[33m=[39m[32m"text-purple-400"[39m[33m>[39m[36mnew[39m[33m<[39m[33m/[39m[33mspan[39m[33m>[39m [33m<[39m[33mspan[39m className[33m=[39m[32m"text-yellow-400"[39m[33m>[39m[33mGackx[39m[33m<[39m[33m/[39m[33mspan[39m[33m>[39m({ api_key[33m:[39m [33m<[39m[33mspan[39m className[33m=[39m[32m"text-green-400"[39m[33m>[39m[32m'gk_live_...'[39m[33m<[39m[33m/[39m[33mspan[39m[33m>[39m })[33m;[39m[33m<[39m[33m/[39m[33mp[39m[33m>[39m
 [90m    |[39m                                                                                                                                                                                 [31m[1m^[22m[39m
 [90m 24 |[39m                 [33m<[39m[33mp[39m[33m>[39m[33m&[39mnbsp[33m;[39m[33m<[39m[33m/[39m[33mp[39m[33m>[39m
 [90m 25 |[39m                 [33m<[39m[33mp[39m[33m>[39m[33m<[39m[33mspan[39m className[33m=[39m[32m"text-zinc-500"[39m[33m>[39m[90m// Trigger a workflow programmatically</span></p>[39m
 [90m 26 |[39m                 [33m<[39m[33mp[39m[33m>[39m[33m<[39m[33mspan[39m className[33m=[39m[32m"text-purple-400"[39m[33m>[39m[36mawait[39m[33m<[39m[33m/[39m[33mspan[39m[33m>[39m client[33m.[39m[33m<[39m[33mspan[39m className[33m=[39m[32m"text-blue-400"[39m[33m>[39mworkflows[33m<[39m[33m/[39m[33mspan[39m[33m>[39m[33m.[39m[33m<[39m[33mspan[39m className[33m=[39m[32m"text-blue-400"[39m[33m>[39mtrigger[33m<[39m[33m/[39m[33mspan[39m[33m>[39m([33m<[39m[33mspan[39m className[33m=[39m[32m"text-green-400"[39m[33m>[39m[32m'wf_8291'[39m[33m<[39m[33m/[39m[33mspan[39m[33m>[39m[33m,[39m {[33m<[39m[33m/[39m[33mp[39m[33m>[39m[0m

Expected '</', got ':'

Import trace:
  Server Component:
    ./components/sections/DeveloperPortal.tsx
    ./app/page.tsx


 GET / 500 in 91ms
 ✓ Compiled in 84ms
 ⨯ ./components/sections/DeveloperPortal.tsx:23:177
Parsing ecmascript source code failed
[0m [90m 21 |[39m                 [33m<[39m[33mp[39m[33m>[39m[33m&[39mnbsp[33m;[39m[33m<[39m[33m/[39m[33mp[39m[33m>[39m
 [90m 22 |[39m                 [33m<[39m[33mp[39m[33m>[39m[33m<[39m[33mspan[39m className[33m=[39m[32m"text-zinc-500"[39m[33m>[39m[90m// Initialize client</span></p>[39m
[31m[1m>[22m[39m[90m 23 |[39m                 [33m<[39m[33mp[39m[33m>[39m[33m<[39m[33mspan[39m className[33m=[39m[32m"text-purple-400"[39m[33m>[39m[36mconst[39m[33m<[39m[33m/[39m[33mspan[39m[33m>[39m client [33m=[39m [33m<[39m[33mspan[39m className[33m=[39m[32m"text-purple-400"[39m[33m>[39m[36mnew[39m[33m<[39m[33m/[39m[33mspan[39m[33m>[39m [33m<[39m[33mspan[39m className[33m=[39m[32m"text-yellow-400"[39m[33m>[39m[33mGackx[39m[33m<[39m[33m/[39m[33mspan[39m[33m>[39m({ api_key[33m:[39m [33m<[39m[33mspan[39m className[33m=[39m[32m"text-green-400"[39m[33m>[39m[32m'gk_live_...'[39m[33m<[39m[33m/[39m[33mspan[39m[33m>[39m })[33m;[39m[33m<[39m[33m/[39m[33mp[39m[33m>[39m
 [90m    |[39m                                                                                                                                                                                 [31m[1m^[22m[39m
 [90m 24 |[39m                 [33m<[39m[33mp[39m[33m>[39m[33m&[39mnbsp[33m;[39m[33m<[39m[33m/[39m[33mp[39m[33m>[39m
 [90m 25 |[39m                 [33m<[39m[33mp[39m[33m>[39m[33m<[39m[33mspan[39m className[33m=[39m[32m"text-zinc-500"[39m[33m>[39m[90m// Trigger a workflow programmatically</span></p>[39m
 [90m 26 |[39m                 [33m<[39m[33mp[39m[33m>[39m[33m<[39m[33mspan[39m className[33m=[39m[32m"text-purple-400"[39m[33m>[39m[36mawait[39m[33m<[39m[33m/[39m[33mspan[39m[33m>[39m client[33m.[39m[33m<[39m[33mspan[39m className[33m=[39m[32m"text-blue-400"[39m[33m>[39mworkflows[33m<[39m[33m/[39m[33mspan[39m[33m>[39m[33m.[39m[33m<[39m[33mspan[39m className[33m=[39m[32m"text-blue-400"[39m[33m>[39mtrigger[33m<[39m[33m/[39m[33mspan[39m[33m>[39m([33m<[39m[33mspan[39m className[33m=[39m[32m"text-green-400"[39m[33m>[39m[32m'wf_8291'[39m[33m<[39m[33m/[39m[33mspan[39m[33m>[39m[33m,[39m {[33m<[39m[33m/[39m[33mp[39m[33m>[39m[0m

Expected '</', got ':'

Import trace:
  Server Component:
    ./components/sections/DeveloperPortal.tsx
    ./app/page.tsx


 GET / 500 in 80ms
 ✓ Compiled in 206ms
 ✓ Compiled in 1706ms
 ✓ Compiled in 951ms
 ⨯ ./components/sections/DeveloperPortal.tsx:23:177
Parsing ecmascript source code failed
[0m [90m 21 |[39m                 [33m<[39m[33mp[39m[33m>[39m[33m&[39mnbsp[33m;[39m[33m<[39m[33m/[39m[33mp[39m[33m>[39m
 [90m 22 |[39m                 [33m<[39m[33mp[39m[33m>[39m[33m<[39m[33mspan[39m className[33m=[39m[32m"text-zinc-500"[39m[33m>[39m[90m// Initialize client</span></p>[39m
[31m[1m>[22m[39m[90m 23 |[39m                 [33m<[39m[33mp[39m[33m>[39m[33m<[39m[33mspan[39m className[33m=[39m[32m"text-purple-400"[39m[33m>[39m[36mconst[39m[33m<[39m[33m/[39m[33mspan[39m[33m>[39m client [33m=[39m [33m<[39m[33mspan[39m className[33m=[39m[32m"text-purple-400"[39m[33m>[39m[36mnew[39m[33m<[39m[33m/[39m[33mspan[39m[33m>[39m [33m<[39m[33mspan[39m className[33m=[39m[32m"text-yellow-400"[39m[33m>[39m[33mGackx[39m[33m<[39m[33m/[39m[33mspan[39m[33m>[39m({ api_key[33m:[39m [33m<[39m[33mspan[39m className[33m=[39m[32m"text-green-400"[39m[33m>[39m[32m'gk_live_...'[39m[33m<[39m[33m/[39m[33mspan[39m[33m>[39m })[33m;[39m[33m<[39m[33m/[39m[33mp[39m[33m>[39m
 [90m    |[39m                                                                                                                                                                                 [31m[1m^[22m[39m
 [90m 24 |[39m                 [33m<[39m[33mp[39m[33m>[39m[33m&[39mnbsp[33m;[39m[33m<[39m[33m/[39m[33mp[39m[33m>[39m
 [90m 25 |[39m                 [33m<[39m[33mp[39m[33m>[39m[33m<[39m[33mspan[39m className[33m=[39m[32m"text-zinc-500"[39m[33m>[39m[90m// Trigger a workflow programmatically</span></p>[39m
 [90m 26 |[39m                 [33m<[39m[33mp[39m[33m>[39m[33m<[39m[33mspan[39m className[33m=[39m[32m"text-purple-400"[39m[33m>[39m[36mawait[39m[33m<[39m[33m/[39m[33mspan[39m[33m>[39m client[33m.[39m[33m<[39m[33mspan[39m className[33m=[39m[32m"text-blue-400"[39m[33m>[39mworkflows[33m<[39m[33m/[39m[33mspan[39m[33m>[39m[33m.[39m[33m<[39m[33mspan[39m className[33m=[39m[32m"text-blue-400"[39m[33m>[39mtrigger[33m<[39m[33m/[39m[33mspan[39m[33m>[39m([33m<[39m[33mspan[39m className[33m=[39m[32m"text-green-400"[39m[33m>[39m[32m'wf_8291'[39m[33m<[39m[33m/[39m[33mspan[39m[33m>[39m[33m,[39m {[33m<[39m[33m/[39m[33mp[39m[33m>[39m[0m

Expected '</', got ':'

Import trace:
  Server Component:
    ./components/sections/DeveloperPortal.tsx
    ./app/page.tsx



./components/sections/Hero.tsx:82:27
Parsing ecmascript source code failed
[0m [90m 80 |[39m           className[33m=[39m[32m"mt-24 relative max-w-6xl mx-auto"[39m
 [90m 81 |[39m         [33m>[39m
[31m[1m>[22m[39m[90m 82 |[39m           [33m<[39m[33mdiv[39m className[33m=[39m[37m[41m[1m\[22m[49m[39m[32m"absolute inset-0 bg-gradient-to-t from-background via-transparent to-transparent z-10\" />[39m
 [90m    |[39m                           [31m[1m^[22m[39m[31m[1m^[22m[39m[31m[1m^[22m[39m[31m[1m^[22m[39m[31m[1m^[22m[39m[31m[1m^[22m[39m[31m[1m^[22m[39m[31m[1m^[22m[39m[31m[1m^[22m[39m[31m[1m^[22m[39m[31m[1m^[22m[39m[31m[1m^[22m[39m[31m[1m^[22m[39m[31m[1m^[22m[39m[31m[1m^[22m[39m[31m[1m^[22m[39m[31m[1m^[22m[39m[31m[1m^[22m[39m[31m[1m^[22m[39m[31m[1m^[22m[39m[31m[1m^[22m[39m[31m[1m^[22m[39m[31m[1m^[22m[39m[31m[1m^[22m[39m[31m[1m^[22m[39m[31m[1m^[22m[39m[31m[1m^[22m[39m[31m[1m^[22m[39m[31m[1m^[22m[39m[31m[1m^[22m[39m[31m[1m^[22m[39m[31m[1m^[22m[39m[31m[1m^[22m[39m[31m[1m^[22m[39m[31m[1m^[22m[39m[31m[1m^[22m[39m[31m[1m^[22m[39m[31m[1m^[22m[39m[31m[1m^[22m[39m[31m[1m^[22m[39m[31m[1m^[22m[39m[31m[1m^[22m[39m[31m[1m^[22m[39m[31m[1m^[22m[39m[31m[1m^[22m[39m[31m[1m^[22m[39m[31m[1m^[22m[39m[31m[1m^[22m[39m[31m[1m^[22m[39m[31m[1m^[22m[39m[31m[1m^[22m[39m[31m[1m^[22m[39m[31m[1m^[22m[39m[31m[1m^[22m[39m[31m[1m^[22m[39m[31m[1m^[22m[39m[31m[1m^[22m[39m[31m[1m^[22m[39m[31m[1m^[22m[39m[31m[1m^[22m[39m[31m[1m^[22m[39m[31m[1m^[22m[39m[31m[1m^[22m[39m[31m[1m^[22m[39m[31m[1m^[22m[39m[31m[1m^[22m[39m[31m[1m^[22m[39m[31m[1m^[22m[39m[31m[1m^[22m[39m[31m[1m^[22m[39m[31m[1m^[22m[39m[31m[1m^[22m[39m[31m[1m^[22m[39m[31m[1m^[22m[39m[31m[1m^[22m[39m[31m[1m^[22m[39m[31m[1m^[22m[39m[31m[1m^[22m[39m[31m[1m^[22m[39m[31m[1m^[22m[39m[31m[1m^[22m[39m[31m[1m^[22m[39m[31m[1m^[22m[39m[31m[1m^[22m[39m[31m[1m^[22m[39m[31m[1m^[22m[39m[31m[1m^[22m[39m[31m[1m^[22m[39m[31m[1m^[22m[39m[31m[1m^[22m[39m[31m[1m^[22m[39m
 [90m 83 |[39m           [33m<[39m[33mdiv[39m className[33m=[39m[37m[41m[1m\[22m[49m[39m[32m"rounded-3xl border border-border/50 bg-card/50 backdrop-blur-sm p-3 shadow-2xl overflow-hidden\">[39m
 [90m 84 |[39m             [33m<[39m[33mdiv[39m className[33m=[39m[37m[41m[1m\[22m[49m[39m[32m"aspect-video bg-muted rounded-2xl flex items-center justify-center overflow-hidden relative\">[39m
 [90m 85 |[39m                [33m<[39m[33mdiv[39m className[33m=[39m[37m[41m[1m\[22m[49m[39m[32m"absolute inset-0 bg-[url('https://images.unsplash.com/photo-1639322537228-f710d846310a?q=80&w=2000&auto=format&fit=crop')] bg-cover bg-center opacity-40\" />[39m[0m

Unterminated string constant

Import trace:
  Server Component:
    ./components/sections/Hero.tsx
    ./app/page.tsx


 GET / 500 in 129ms
 GET /favicon.ico 500 in 75ms
 ⨯ ./components/sections/Hero.tsx:82:27
Parsing ecmascript source code failed
[0m [90m 80 |[39m           className[33m=[39m[32m"mt-24 relative max-w-6xl mx-auto"[39m
 [90m 81 |[39m         [33m>[39m
[31m[1m>[22m[39m[90m 82 |[39m           [33m<[39m[33mdiv[39m className[33m=[39m[37m[41m[1m\[22m[49m[39m[32m"absolute inset-0 bg-gradient-to-t from-background via-transparent to-transparent z-10\" />[39m
 [90m    |[39m                           [31m[1m^[22m[39m[31m[1m^[22m[39m[31m[1m^[22m[39m[31m[1m^[22m[39m[31m[1m^[22m[39m[31m[1m^[22m[39m[31m[1m^[22m[39m[31m[1m^[22m[39m[31m[1m^[22m[39m[31m[1m^[22m[39m[31m[1m^[22m[39m[31m[1m^[22m[39m[31m[1m^[22m[39m[31m[1m^[22m[39m[31m[1m^[22m[39m[31m[1m^[22m[39m[31m[1m^[22m[39m[31m[1m^[22m[39m[31m[1m^[22m[39m[31m[1m^[22m[39m[31m[1m^[22m[39m[31m[1m^[22m[39m[31m[1m^[22m[39m[31m[1m^[22m[39m[31m[1m^[22m[39m[31m[1m^[22m[39m[31m[1m^[22m[39m[31m[1m^[22m[39m[31m[1m^[22m[39m[31m[1m^[22m[39m[31m[1m^[22m[39m[31m[1m^[22m[39m[31m[1m^[22m[39m[31m[1m^[22m[39m[31m[1m^[22m[39m[31m[1m^[22m[39m[31m[1m^[22m[39m[31m[1m^[22m[39m[31m[1m^[22m[39m[31m[1m^[22m[39m[31m[1m^[22m[39m[31m[1m^[22m[39m[31m[1m^[22m[39m[31m[1m^[22m[39m[31m[1m^[22m[39m[31m[1m^[22m[39m[31m[1m^[22m[39m[31m[1m^[22m[39m[31m[1m^[22m[39m[31m[1m^[22m[39m[31m[1m^[22m[39m[31m[1m^[22m[39m[31m[1m^[22m[39m[31m[1m^[22m[39m[31m[1m^[22m[39m[31m[1m^[22m[39m[31m[1m^[22m[39m[31m[1m^[22m[39m[31m[1m^[22m[39m[31m[1m^[22m[39m[31m[1m^[22m[39m[31m[1m^[22m[39m[31m[1m^[22m[39m[31m[1m^[22m[39m[31m[1m^[22m[39m[31m[1m^[22m[39m[31m[1m^[22m[39m[31m[1m^[22m[39m[31m[1m^[22m[39m[31m[1m^[22m[39m[31m[1m^[22m[39m[31m[1m^[22m[39m[31m[1m^[22m[39m[31m[1m^[22m[39m[31m[1m^[22m[39m[31m[1m^[22m[39m[31m[1m^[22m[39m[31m[1m^[22m[39m[31m[1m^[22m[39m[31m[1m^[22m[39m[31m[1m^[22m[39m[31m[1m^[22m[39m[31m[1m^[22m[39m[31m[1m^[22m[39m[31m[1m^[22m[39m[31m[1m^[22m[39m[31m[1m^[22m[39m[31m[1m^[22m[39m[31m[1m^[22m[39m[31m[1m^[22m[39m[31m[1m^[22m[39m
 [90m 83 |[39m           [33m<[39m[33mdiv[39m className[33m=[39m[37m[41m[1m\[22m[49m[39m[32m"rounded-3xl border border-border/50 bg-card/50 backdrop-blur-sm p-3 shadow-2xl overflow-hidden\">[39m
 [90m 84 |[39m             [33m<[39m[33mdiv[39m className[33m=[39m[37m[41m[1m\[22m[49m[39m[32m"aspect-video bg-muted rounded-2xl flex items-center justify-center overflow-hidden relative\">[39m
 [90m 85 |[39m                [33m<[39m[33mdiv[39m className[33m=[39m[37m[41m[1m\[22m[49m[39m[32m"absolute inset-0 bg-[url('https://images.unsplash.com/photo-1639322537228-f710d846310a?q=80&w=2000&auto=format&fit=crop')] bg-cover bg-center opacity-40\" />[39m[0m

Unterminated string constant

Import trace:
  Server Component:
    ./components/sections/Hero.tsx
    ./app/page.tsx


 GET / 500 in 111ms
 ⨯ ./components/sections/Hero.tsx:82:27
Parsing ecmascript source code failed
[0m [90m 80 |[39m           className[33m=[39m[32m"mt-24 relative max-w-6xl mx-auto"[39m
 [90m 81 |[39m         [33m>[39m
[31m[1m>[22m[39m[90m 82 |[39m           [33m<[39m[33mdiv[39m className[33m=[39m[37m[41m[1m\[22m[49m[39m[32m"absolute inset-0 bg-gradient-to-t from-background via-transparent to-transparent z-10\" />[39m
 [90m    |[39m                           [31m[1m^[22m[39m[31m[1m^[22m[39m[31m[1m^[22m[39m[31m[1m^[22m[39m[31m[1m^[22m[39m[31m[1m^[22m[39m[31m[1m^[22m[39m[31m[1m^[22m[39m[31m[1m^[22m[39m[31m[1m^[22m[39m[31m[1m^[22m[39m[31m[1m^[22m[39m[31m[1m^[22m[39m[31m[1m^[22m[39m[31m[1m^[22m[39m[31m[1m^[22m[39m[31m[1m^[22m[39m[31m[1m^[22m[39m[31m[1m^[22m[39m[31m[1m^[22m[39m[31m[1m^[22m[39m[31m[1m^[22m[39m[31m[1m^[22m[39m[31m[1m^[22m[39m[31m[1m^[22m[39m[31m[1m^[22m[39m[31m[1m^[22m[39m[31m[1m^[22m[39m[31m[1m^[22m[39m[31m[1m^[22m[39m[31m[1m^[22m[39m[31m[1m^[22m[39m[31m[1m^[22m[39m[31m[1m^[22m[39m[31m[1m^[22m[39m[31m[1m^[22m[39m[31m[1m^[22m[39m[31m[1m^[22m[39m[31m[1m^[22m[39m[31m[1m^[22m[39m[31m[1m^[22m[39m[31m[1m^[22m[39m[31m[1m^[22m[39m[31m[1m^[22m[39m[31m[1m^[22m[39m[31m[1m^[22m[39m[31m[1m^[22m[39m[31m[1m^[22m[39m[31m[1m^[22m[39m[31m[1m^[22m[39m[31m[1m^[22m[39m[31m[1m^[22m[39m[31m[1m^[22m[39m[31m[1m^[22m[39m[31m[1m^[22m[39m[31m[1m^[22m[39m[31m[1m^[22m[39m[31m[1m^[22m[39m[31m[1m^[22m[39m[31m[1m^[22m[39m[31m[1m^[22m[39m[31m[1m^[22m[39m[31m[1m^[22m[39m[31m[1m^[22m[39m[31m[1m^[22m[39m[31m[1m^[22m[39m[31m[1m^[22m[39m[31m[1m^[22m[39m[31m[1m^[22m[39m[31m[1m^[22m[39m[31m[1m^[22m[39m[31m[1m^[22m[39m[31m[1m^[22m[39m[31m[1m^[22m[39m[31m[1m^[22m[39m[31m[1m^[22m[39m[31m[1m^[22m[39m[31m[1m^[22m[39m[31m[1m^[22m[39m[31m[1m^[22m[39m[31m[1m^[22m[39m[31m[1m^[22m[39m[31m[1m^[22m[39m[31m[1m^[22m[39m[31m[1m^[22m[39m[31m[1m^[22m[39m[31m[1m^[22m[39m[31m[1m^[22m[39m[31m[1m^[22m[39m[31m[1m^[22m[39m[31m[1m^[22m[39m
 [90m 83 |[39m           [33m<[39m[33mdiv[39m className[33m=[39m[37m[41m[1m\[22m[49m[39m[32m"rounded-3xl border border-border/50 bg-card/50 backdrop-blur-sm p-3 shadow-2xl overflow-hidden\">[39m
 [90m 84 |[39m             [33m<[39m[33mdiv[39m className[33m=[39m[37m[41m[1m\[22m[49m[39m[32m"aspect-video bg-muted rounded-2xl flex items-center justify-center overflow-hidden relative\">[39m
 [90m 85 |[39m                [33m<[39m[33mdiv[39m className[33m=[39m[37m[41m[1m\[22m[49m[39m[32m"absolute inset-0 bg-[url('https://images.unsplash.com/photo-1639322537228-f710d846310a?q=80&w=2000&auto=format&fit=crop')] bg-cover bg-center opacity-40\" />[39m[0m

Unterminated string constant

Import trace:
  Server Component:
    ./components/sections/Hero.tsx
    ./app/page.tsx


 GET / 500 in 95ms
 GET /favicon.ico 500 in 55ms
 ✓ Compiled in 159ms
 ✓ Compiled / in 43ms
 GET / 200 in 1639ms
 GET / 200 in 712ms
 GET / 200 in 563ms
 GET /favicon.ico?favicon.bf3c9292.ico 200 in 781ms
 GET /favicon.ico?favicon.bf3c9292.ico 200 in 271ms
 ✓ Compiled in 257ms
 ✓ Compiled in 203ms
 ✓ Compiled in 235ms
 ✓ Compiled in 211ms
 ✓ Compiled in 212ms
 ✓ Compiled in 254ms
 ✓ Compiled in 279ms
 ✓ Compiled in 432ms
 ✓ Compiled / in 49ms
 GET / 200 in 556ms
 GET / 200 in 358ms
 ✓ Compiled in 387ms
 ✓ Compiled / in 40ms
 GET / 200 in 355ms
 GET / 200 in 251ms
 GET / 200 in 1442ms
 ✓ Compiled in 326ms
 ✓ Compiled in 220ms
 ✓ Compiled in 233ms
 ✓ Compiled in 240ms
 ✓ Compiled in 522ms
 ✓ Compiled / in 45ms
 GET / 200 in 383ms
 ✓ Compiled in 256ms
 GET / 200 in 2015ms
 ✓ Compiled in 503ms
 GET / 200 in 1596ms
 ✓ Compiled in 256ms
 ✓ Compiled in 206ms
 ✓ Compiled in 432ms
 ✓ Compiled / in 38ms
 GET / 200 in 368ms
 GET / 200 in 1802ms
 ✓ Compiled /about in 192ms
 GET /about 200 in 1289ms
 GET /about 200 in 330ms
 ✓ Compiled in 505ms
 ✓ Compiled in 242ms
 ✓ Compiled in 415ms
 ✓ Compiled in 251ms
 ✓ Compiled in 644ms
 ✓ Compiled / in 62ms
 ⨯ ReferenceError: Badge is not defined
    at AnalyticsDashboard (components/sections/AnalyticsDashboard.tsx:50:16)
  48 |             <div className="flex items-center justify-between mb-10">
  49 |               <h4 className="text-xl font-bold">Productivity Overview</h4>
> 50 |               <Badge variant="outline" className="gap-1.5">
     |                ^
  51 |                 <span className="w-1.5 h-1.5 rounded-full bg-primary" />
  52 |                 Live Data
  53 |               </Badge> {
  digest: '230190449'
}
 GET / 500 in 2410ms
 GET /favicon.ico 200 in 321ms
 GET /about 200 in 579ms
 ⨯ ReferenceError: response is not defined
    at DeveloperHub (components/sections/DeveloperHub.tsx:36:113)
  34 |                 <p>)</p>
  35 |                 <p>&nbsp;</p>
> 36 |                 <p><span className="text-purple-400">print</span>(f<span className="text-green-400">"Swarm ID: {response.id}"</span>)</p>
     |                                                                                                                 ^
  37 |               </div>
  38 |             </div>
  39 |           </div> {
  digest: '2778710655'
}
 GET / 500 in 1547ms
 GET /favicon.ico?favicon.bf3c9292.ico 200 in 293ms
 ✓ Compiled in 182ms
 ⚠ Fast Refresh had to perform a full reload due to a runtime error.
 ⨯ ReferenceError: Button is not defined
    at LearningHub (components/sections/LearningHub.tsx:40:14)
  38 |             </div>
  39 |
> 40 |             <Button size="lg" className="gap-2">
     |              ^
  41 |               Start Learning <ArrowRight className="w-4 h-4" />
  42 |             </Button>
  43 |           </div> {
  digest: '3404320639'
}
 GET / 500 in 1389ms
 GET /favicon.ico?favicon.bf3c9292.ico 200 in 302ms
 GET /favicon.ico 200 in 273ms
 ✓ Compiled in 219ms
 ⚠ Fast Refresh had to perform a full reload due to a runtime error.
 GET / 200 in 1583ms
 GET /favicon.ico?favicon.bf3c9292.ico 200 in 276ms
 GET / 200 in 1112ms
 ✓ Compiled in 295ms
 ✓ Compiled in 404ms
 ✓ Compiled in 431ms
 ✓ Compiled / in 53ms
 GET / 200 in 408ms
 GET / 200 in 1982ms
 GET / 200 in 949ms
 GET /favicon.ico?favicon.bf3c9292.ico 200 in 268ms
 ✓ Compiled in 188ms
 GET / 200 in 1566ms
 GET / 200 in 1215ms
 GET /favicon.ico?favicon.bf3c9292.ico 200 in 288ms
 ○ Compiling /developers ...
 ✓ Compiled /developers in 944ms
 GET /developers 200 in 1113ms
 GET /developers 200 in 143ms
 GET /developers 200 in 132ms
 ○ Compiling /blog ...
 ✓ Compiled /blog in 942ms
 GET /blog 200 in 1096ms
 GET /blog 200 in 167ms
 GET /blog 200 in 143ms
 GET /blog 200 in 123ms
 GET /blog 200 in 135ms
 GET /blog 200 in 163ms
 GET /blog 200 in 120ms
 GET /blog 200 in 181ms
 ✓ Compiled /pricing in 60ms
 GET /pricing 200 in 466ms
 GET /blog 200 in 156ms
 GET /pricing 200 in 202ms
 GET /blog 200 in 132ms
 GET /pricing 200 in 167ms
 GET /blog 200 in 247ms
 GET /pricing 200 in 252ms
 ○ Compiling /solutions/[slug] ...
 GET /blog 200 in 305ms
 GET /pricing 200 in 305ms
 ✓ Compiled /solutions/[slug] in 1029ms
 GET /blog 200 in 300ms
 GET /pricing 200 in 306ms
 GET /solutions/ecommerce 200 in 1984ms
 GET /pricing 200 in 235ms
 GET /pricing 200 in 178ms
 ✓ Compiled in 546ms
 ✓ Compiled in 436ms
 ✓ Compiled / in 69ms
 GET / 200 in 4089ms
 GET /about 200 in 924ms
 GET / 200 in 1772ms
 ⚠ Found a change in next.config.ts. Restarting the server to apply the changes...
   ▲ Next.js 15.5.6 (Turbopack)
   - Local:        http://localhost:3000
   - Network:      http://169.254.0.21:3000

 ✓ Starting...
 ✓ Ready in 1909ms
 ○ Compiling / ...
 ✓ Compiled / in 9.8s
 ⨯ [Error: ENOENT: no such file or directory, open '/home/code/gackx-web/.next/static/development/_buildManifest.js.tmp.0jubjvq6q1m9'] {
  errno: -2,
  code: 'ENOENT',
  syscall: 'open',
  path: '/home/code/gackx-web/.next/static/development/_buildManifest.js.tmp.0jubjvq6q1m9'
}
 ○ Compiling /_error ...
 ✓ Compiled /_error in 2.4s
 ⨯ [Error: ENOENT: no such file or directory, open '/home/code/gackx-web/.next/static/development/_buildManifest.js.tmp.ix8ozxwwatr'] {
  errno: -2,
  code: 'ENOENT',
  syscall: 'open',
  path: '/home/code/gackx-web/.next/static/development/_buildManifest.js.tmp.ix8ozxwwatr'
}
[Error: ENOENT: no such file or directory, open '/home/code/gackx-web/.next/static/development/_buildManifest.js.tmp.0jubjvq6q1m9'] {
  errno: -2,
  code: 'ENOENT',
  syscall: 'open',
  path: '/home/code/gackx-web/.next/static/development/_buildManifest.js.tmp.0jubjvq6q1m9'
}
 ⨯ [Error: ENOENT: no such file or directory, open '/home/code/gackx-web/.next/static/development/_buildManifest.js.tmp.mlvzjd8qtni'] {
  errno: -2,
  code: 'ENOENT',
  syscall: 'open',
  path: '/home/code/gackx-web/.next/static/development/_buildManifest.js.tmp.mlvzjd8qtni'
}
[Error: ENOENT: no such file or directory, open '/home/code/gackx-web/.next/static/development/_buildManifest.js.tmp.6fv1sk8595n'] {
  errno: -2,
  code: 'ENOENT',
  syscall: 'open',
  path: '/home/code/gackx-web/.next/static/development/_buildManifest.js.tmp.6fv1sk8595n'
}
 ⨯ [Error: ENOENT: no such file or directory, open '/home/code/gackx-web/.next/static/development/_buildManifest.js.tmp.21nhd1ybzk6'] {
  errno: -2,
  code: 'ENOENT',
  syscall: 'open',
  path: '/home/code/gackx-web/.next/static/development/_buildManifest.js.tmp.21nhd1ybzk6'
}
 ⨯ [Error: ENOENT: no such file or directory, open '/home/code/gackx-web/.next/static/development/_buildManifest.js.tmp.nf3sawipmr'] {
  errno: -2,
  code: 'ENOENT',
  syscall: 'open',
  path: '/home/code/gackx-web/.next/static/development/_buildManifest.js.tmp.nf3sawipmr'
}
[Error: ENOENT: no such file or directory, open '/home/code/gackx-web/.next/static/development/_buildManifest.js.tmp.21nhd1ybzk6'] {
  errno: -2,
  code: 'ENOENT',
  syscall: 'open',
  path: '/home/code/gackx-web/.next/static/development/_buildManifest.js.tmp.21nhd1ybzk6'
}
 ⨯ [Error: ENOENT: no such file or directory, open '/home/code/gackx-web/.next/static/development/_buildManifest.js.tmp.tbpqlcp923f'] {
  errno: -2,
  code: 'ENOENT',
  syscall: 'open',
  path: '/home/code/gackx-web/.next/static/development/_buildManifest.js.tmp.tbpqlcp923f'
}
[Error: ENOENT: no such file or directory, open '/home/code/gackx-web/.next/static/development/_buildManifest.js.tmp.j8jq6ms1c3i'] {
  errno: -2,
  code: 'ENOENT',
  syscall: 'open',
  path: '/home/code/gackx-web/.next/static/development/_buildManifest.js.tmp.j8jq6ms1c3i'
}
 ⨯ [Error: ENOENT: no such file or directory, open '/home/code/gackx-web/.next/static/development/_buildManifest.js.tmp.btmilzc9lzs'] {
  errno: -2,
  code: 'ENOENT',
  syscall: 'open',
  path: '/home/code/gackx-web/.next/static/development/_buildManifest.js.tmp.btmilzc9lzs'
}
 ⨯ [Error: ENOENT: no such file or directory, open '/home/code/gackx-web/.next/static/development/_buildManifest.js.tmp.dhd069i566m'] {
  errno: -2,
  code: 'ENOENT',
  syscall: 'open',
  path: '/home/code/gackx-web/.next/static/development/_buildManifest.js.tmp.dhd069i566m'
}
[Error: ENOENT: no such file or directory, open '/home/code/gackx-web/.next/static/development/_buildManifest.js.tmp.btmilzc9lzs'] {
  errno: -2,
  code: 'ENOENT',
  syscall: 'open',
  path: '/home/code/gackx-web/.next/static/development/_buildManifest.js.tmp.btmilzc9lzs'
}
 ⨯ [Error: ENOENT: no such file or directory, open '/home/code/gackx-web/.next/static/development/_buildManifest.js.tmp.5prg5jworoj'] {
  errno: -2,
  code: 'ENOENT',
  syscall: 'open',
  path: '/home/code/gackx-web/.next/static/development/_buildManifest.js.tmp.5prg5jworoj'
}
[Error: ENOENT: no such file or directory, open '/home/code/gackx-web/.next/static/development/_buildManifest.js.tmp.lc8ihdn7jw'] {
  errno: -2,
  code: 'ENOENT',
  syscall: 'open',
  path: '/home/code/gackx-web/.next/static/development/_buildManifest.js.tmp.lc8ihdn7jw'
}
 ✓ Compiled in 5.8s
 ✓ Compiled in 394ms
 ✓ Compiled / in 90ms
 ⨯ [Error: ENOENT: no such file or directory, open '/home/code/gackx-web/.next/static/development/_buildManifest.js.tmp.ef5hk2mpe3f'] {
  errno: -2,
  code: 'ENOENT',
  syscall: 'open',
  path: '/home/code/gackx-web/.next/static/development/_buildManifest.js.tmp.ef5hk2mpe3f'
}
 ⨯ [Error: ENOENT: no such file or directory, open '/home/code/gackx-web/.next/static/development/_buildManifest.js.tmp.l4h6qfj1e29'] {
  errno: -2,
  code: 'ENOENT',
  syscall: 'open',
  path: '/home/code/gackx-web/.next/static/development/_buildManifest.js.tmp.l4h6qfj1e29'
}
[Error: ENOENT: no such file or directory, open '/home/code/gackx-web/.next/static/development/_buildManifest.js.tmp.ef5hk2mpe3f'] {
  errno: -2,
  code: 'ENOENT',
  syscall: 'open',
  path: '/home/code/gackx-web/.next/static/development/_buildManifest.js.tmp.ef5hk2mpe3f'
}
 ⨯ [Error: ENOENT: no such file or directory, open '/home/code/gackx-web/.next/static/development/_buildManifest.js.tmp.fibi6q2p74q'] {
  errno: -2,
  code: 'ENOENT',
  syscall: 'open',
  path: '/home/code/gackx-web/.next/static/development/_buildManifest.js.tmp.fibi6q2p74q'
}
[Error: ENOENT: no such file or directory, open '/home/code/gackx-web/.next/static/development/_buildManifest.js.tmp.j9z0no2723h'] {
  errno: -2,
  code: 'ENOENT',
  syscall: 'open',
  path: '/home/code/gackx-web/.next/static/development/_buildManifest.js.tmp.j9z0no2723h'
}
 ✓ Compiled in 180ms
 ○ Compiling / ...
 ✓ Compiled / in 762ms
 ⨯ [Error: ENOENT: no such file or directory, open '/home/code/gackx-web/.next/static/development/_buildManifest.js.tmp.wuqa5oxie5d'] {
  errno: -2,
  code: 'ENOENT',
  syscall: 'open',
  path: '/home/code/gackx-web/.next/static/development/_buildManifest.js.tmp.wuqa5oxie5d'
}
 ⨯ [Error: ENOENT: no such file or directory, open '/home/code/gackx-web/.next/static/development/_buildManifest.js.tmp.lkoaitwff38'] {
  errno: -2,
  code: 'ENOENT',
  syscall: 'open',
  path: '/home/code/gackx-web/.next/static/development/_buildManifest.js.tmp.lkoaitwff38'
}
[Error: ENOENT: no such file or directory, open '/home/code/gackx-web/.next/static/development/_buildManifest.js.tmp.wuqa5oxie5d'] {
  errno: -2,
  code: 'ENOENT',
  syscall: 'open',
  path: '/home/code/gackx-web/.next/static/development/_buildManifest.js.tmp.wuqa5oxie5d'
}
 ⨯ [Error: ENOENT: no such file or directory, open '/home/code/gackx-web/.next/static/development/_buildManifest.js.tmp.p7yapukral'] {
  errno: -2,
  code: 'ENOENT',
  syscall: 'open',
  path: '/home/code/gackx-web/.next/static/development/_buildManifest.js.tmp.p7yapukral'
}
[Error: ENOENT: no such file or directory, open '/home/code/gackx-web/.next/static/development/_buildManifest.js.tmp.bhtafc2tl6b'] {
  errno: -2,
  code: 'ENOENT',
  syscall: 'open',
  path: '/home/code/gackx-web/.next/static/development/_buildManifest.js.tmp.bhtafc2tl6b'
}
 ✓ Compiled in 820ms
 ✓ Compiled in 150ms
 ○ Compiling / ...
 ✓ Compiled / in 657ms
 ⨯ [Error: ENOENT: no such file or directory, open '/home/code/gackx-web/.next/static/development/_buildManifest.js.tmp.9ojr2zyulol'] {
  errno: -2,
  code: 'ENOENT',
  syscall: 'open',
  path: '/home/code/gackx-web/.next/static/development/_buildManifest.js.tmp.9ojr2zyulol'
}
[Error: ENOENT: no such file or directory, open '/home/code/gackx-web/.next/static/development/_buildManifest.js.tmp.9ojr2zyulol'] {
  errno: -2,
  code: 'ENOENT',
  syscall: 'open',
  path: '/home/code/gackx-web/.next/static/development/_buildManifest.js.tmp.9ojr2zyulol'
}
[Error: ENOENT: no such file or directory, open '/home/code/gackx-web/.next/static/development/_buildManifest.js.tmp.uq9dtsta49'] {
  errno: -2,
  code: 'ENOENT',
  syscall: 'open',
  path: '/home/code/gackx-web/.next/static/development/_buildManifest.js.tmp.uq9dtsta49'
}
